<?xml version="1.0" encoding="UTF-8"?>
<!-- Generated by org.testng.reporters.JUnitReportReporter -->
<testsuite skipped="0" hostname="Altynbeks-MacBook-Pro.local" name="allerts.PopUpChicago" tests="1" failures="0" timestamp="17 Feb 2018 19:54:22 GMT" time="7.667" errors="0">
  <testcase name="popup" time="7.667" classname="allerts.PopUpChicago"/>
</testsuite> <!-- allerts.PopUpChicago -->
