<?xml version="1.0" encoding="UTF-8"?>
<!-- Generated by org.testng.reporters.JUnitReportReporter -->
<testsuite skipped="0" hostname="Altynbeks-MacBook-Pro.local" name="cybertenBnb.Cybertek" tests="1" failures="0" timestamp="22 Feb 2018 01:30:04 GMT" time="8.602" errors="0">
  <testcase name="alert1" time="8.602" classname="cybertenBnb.Cybertek"/>
</testsuite> <!-- cybertenBnb.Cybertek -->
