<?xml version="1.0" encoding="UTF-8"?>
<!-- Generated by org.testng.reporters.JUnitReportReporter -->
<testsuite skipped="0" hostname="Altynbeks-MacBook-Pro.local" name="testNG.FirstTesting" tests="2" failures="0" timestamp="10 Feb 2018 22:41:21 GMT" time="0.008" errors="0">
  <testcase name="test2" time="0.002" classname="testNG.FirstTesting"/>
  <testcase name="test1" time="0.006" classname="testNG.FirstTesting"/>
</testsuite> <!-- testNG.FirstTesting -->
