<?xml version="1.0" encoding="UTF-8"?>
<!-- Generated by org.testng.reporters.JUnitReportReporter -->
<testsuite skipped="0" hostname="Altynbeks-MacBook-Pro.local" name="mondayProjects.OlympicsMedals" tests="2" failures="0" timestamp="27 Feb 2018 03:25:29 GMT" time="3.778" errors="0">
  <testcase name="veifyRankIsInAscendingOrder" time="3.541" classname="mondayProjects.OlympicsMedals"/>
  <testcase name="verifyTableIsInAlphabeticalOrder" time="0.237" classname="mondayProjects.OlympicsMedals"/>
</testsuite> <!-- mondayProjects.OlympicsMedals -->
