<?xml version="1.0" encoding="UTF-8"?>
<!-- Generated by org.testng.reporters.JUnitReportReporter -->
<testsuite skipped="0" hostname="Altynbeks-MacBook-Pro.local" name="allerts.IFrameChicago" tests="1" failures="0" timestamp="17 Feb 2018 21:10:00 GMT" time="11.443" errors="0">
  <testcase name="iFrame2" time="11.443" classname="allerts.IFrameChicago"/>
</testsuite> <!-- allerts.IFrameChicago -->
