<?xml version="1.0" encoding="UTF-8"?>
<!-- Generated by org.testng.reporters.JUnitReportReporter -->
<testsuite skipped="0" hostname="Altynbeks-MacBook-Pro.local" name="allerts.AlertChicagoDemo" tests="1" failures="0" timestamp="17 Feb 2018 19:40:46 GMT" time="12.217" errors="0">
  <testcase name="Dem01" time="12.217" classname="allerts.AlertChicagoDemo"/>
</testsuite> <!-- allerts.AlertChicagoDemo -->
