<?xml version="1.0" encoding="UTF-8"?>
<!-- Generated by org.testng.reporters.JUnitReportReporter -->
<testsuite skipped="0" hostname="Altynbeks-MacBook-Pro.local" name="allerts.DemoDemo" tests="1" failures="0" timestamp="17 Feb 2018 19:38:08 GMT" time="12.339" errors="0">
  <testcase name="Dem01" time="12.339" classname="allerts.DemoDemo"/>
</testsuite> <!-- allerts.DemoDemo -->
