<?xml version="1.0" encoding="UTF-8"?>
<!-- Generated by org.testng.reporters.JUnitReportReporter -->
<testsuite skipped="0" hostname="Altynbeks-MacBook-Pro.local" name="projects.PHP" tests="1" failures="0" timestamp="20 Feb 2018 03:59:39 GMT" time="20.593" errors="0">
  <testcase name="alert1" time="20.593" classname="projects.PHP"/>
</testsuite> <!-- projects.PHP -->
