<?xml version="1.0" encoding="UTF-8"?>
<!-- Generated by org.testng.reporters.JUnitReportReporter -->
<testsuite skipped="0" hostname="Altynbeks-MacBook-Pro.local" name="mondayProjects.SuzukiTest3" tests="1" failures="0" timestamp="14 Feb 2018 20:08:05 GMT" time="6.816" errors="0">
  <testcase name="veryfyTitle" time="6.816" classname="mondayProjects.SuzukiTest3"/>
</testsuite> <!-- mondayProjects.SuzukiTest3 -->
